[swiftpostattorneys.com/en/index.html]
[backblue.gif]
[fade.gif]
[index.html]
[swiftpostattorneys.com/en/feed/index.html]
[swiftpostattorneys.com/en/comments/feed/index.html]
[swiftpostattorneys.com/en/sample-page/feed/index.html]
[swiftpostattorneys.com/en/wp-json/index.html]
[swiftpostattorneys.com/en/wp-json/wp/v2/pages/2.json]
[swiftpostattorneys.com/en/xmlrpc0db00db0.html]
[swiftpostattorneys.com/en/wp-includes/wlwmanifest.xml]
[swiftpostattorneys.com/en/index-2.html]
[swiftpostattorneys.com/en/wp-json/oembed/1.0/embed690b6ad3.json]
[swiftpostattorneys.com/en/xmlrpc.html]
[swiftpostattorneys.com/en/about-us/index.html]
[swiftpostattorneys.com/en/our-services/index.html]
[swiftpostattorneys.com/en/our-services/personal-injury-attorney/index.html]
[swiftpostattorneys.com/en/our-services/estate-planning-attorney/index.html]
[swiftpostattorneys.com/en/our-services/estate-clearance-probate-attorney/index.html]
[swiftpostattorneys.com/en/our-services/guardianship-attorney/index.html]
[swiftpostattorneys.com/en/our-services/elder-law/index.html]
[swiftpostattorneys.com/en/our-services/family-law-divorce-attorney/index.html]
[swiftpostattorneys.com/en/our-services/real-estate-attorney/index.html]
[swiftpostattorneys.com/en/our-services/business-formation/index.html]
[swiftpostattorneys.com/en/our-services/business-transactions-attorney/index.html]
[swiftpostattorneys.com/en/our-services/construction-attorney/index.html]
[swiftpostattorneys.com/en/our-services/criminal-law-attorney/index.html]
[swiftpostattorneys.com/en/our-services/adoption/index.html]
[swiftpostattorneys.com/en/our-services/landlord-matters-attorney/index.html]
[swiftpostattorneys.com/en/our-services/trials-and-appeals-attorney/index.html]
[swiftpostattorneys.com/en/our-attorneys/index.html]
[swiftpostattorneys.com/en/our-attorneys/Danny-Jonsson/index.html]
[swiftpostattorneys.com/en/our-attorneys/Beatrice-Henriksson/index.html]
[swiftpostattorneys.com/en/our-attorneys/Antonio-Cheng/index.html]
[swiftpostattorneys.com/en/our-attorneys/Villiam-Lindholm/index.html]
[swiftpostattorneys.com/en/contact/index.html]
[swiftpostattorneys.com/en/contact-form/index.html]
[swiftpostattorneys.com/en/wp-content/uploads/2020/02/adoption.svg]
[swiftpostattorneys.com/en/wp-content/uploads/2020/01/estate-paning.svg]
[swiftpostattorneys.com/en/wp-content/uploads/2020/01/estate-clearance.svg]
[swiftpostattorneys.com/en/wp-content/uploads/2020/01/criminal-law.svg]
[swiftpostattorneys.com/en/wp-content/uploads/2020/01/contstruction.svg]
[swiftpostattorneys.com/en/wp-content/uploads/2020/01/business-transactions.svg]
[swiftpostattorneys.com/en/wp-content/uploads/2020/01/real-estate.svg]
[swiftpostattorneys.com/en/wp-content/uploads/2020/01/business-formation.svg]
[swiftpostattorneys.com/en/wp-content/uploads/2020/01/guardianship.svg]
[swiftpostattorneys.com/en/index.html]
[swiftpostattorneys.com/en/feed/index.html]
[swiftpostattorneys.com/en/comments/feed/index.html]
[swiftpostattorneys.com/en/sample-page/feed/index.html]
[swiftpostattorneys.com/en/wp-json/index.html]
[swiftpostattorneys.com/en/xmlrpc0db00db0.html]
[swiftpostattorneys.com/en/index-2.html]
[swiftpostattorneys.com/en/wp-json/oembed/1.0/embedb2a1c64d.html]
[swiftpostattorneys.com/en/xmlrpc.html]
[swiftpostattorneys.com/en/img.html]
[swiftpostattorneys.com/en/contact/index-2.html]
[swiftpostattorneys.com/en/wp-json/wp/v2/pages/9.json]
[swiftpostattorneys.com/en/indexb5fbb5fb.html]
[swiftpostattorneys.com/en/wp-json/oembed/1.0/embed3af762bb.json]
[swiftpostattorneys.com/en/about-us/index.html]
[swiftpostattorneys.com/en/about-us/img.html]
[swiftpostattorneys.com/en/wp-json/wp/v2/pages/11.json]
[swiftpostattorneys.com/en/index57575757.html]
[swiftpostattorneys.com/en/wp-json/oembed/1.0/embed4657408e.json]
[swiftpostattorneys.com/en/wp-content/uploads/2020/01/slider.jpg]
[swiftpostattorneys.com/en/wp-content/uploads/2020/02/couple.svg]
[swiftpostattorneys.com/en/wp-content/uploads/2020/01/personal-injury.svg]
[swiftpostattorneys.com/en/wp-content/uploads/2020/01/family-law.svg]
[swiftpostattorneys.com/en/our-services/index.html]
[swiftpostattorneys.com/en/our-services/img.html]
[swiftpostattorneys.com/en/indexfbd5fbd5.html]
[swiftpostattorneys.com/en/wp-json/oembed/1.0/embed0ce4781f.json]
[swiftpostattorneys.com/en/our-services/personal-injury-attorney/index.html]
[swiftpostattorneys.com/en/our-services/personal-injury-attorney/img.html]
[swiftpostattorneys.com/en/index41704170.html]
[swiftpostattorneys.com/en/wp-json/oembed/1.0/embedc3c66b73.json]
[swiftpostattorneys.com/en/our-services/estate-planning-attorney/index.html]
[swiftpostattorneys.com/en/our-services/estate-planning-attorney/img.html]
[swiftpostattorneys.com/en/index49b149b1.html]
[swiftpostattorneys.com/en/wp-json/oembed/1.0/embed428c1b96.json]
[swiftpostattorneys.com/en/our-services/estate-clearance-probate-attorney/index.html]
[swiftpostattorneys.com/en/our-services/estate-clearance-probate-attorney/img.html]
[swiftpostattorneys.com/en/index5e745e74.html]
[swiftpostattorneys.com/en/wp-json/oembed/1.0/embedc805158e.json]
[swiftpostattorneys.com/en/our-services/guardianship-attorney/index.html]
[swiftpostattorneys.com/en/our-services/guardianship-attorney/img.html]
[swiftpostattorneys.com/en/index261b261b.html]
[swiftpostattorneys.com/en/wp-json/oembed/1.0/embed9e0c8f6d.json]
[swiftpostattorneys.com/en/our-services/elder-law/index.html]
[swiftpostattorneys.com/en/our-services/elder-law/img.html]
[swiftpostattorneys.com/en/index1c4a1c4a.html]
[swiftpostattorneys.com/en/wp-json/oembed/1.0/embed134edbe5.json]
[swiftpostattorneys.com/en/our-services/family-law-divorce-attorney/index.html]
[swiftpostattorneys.com/en/our-services/family-law-divorce-attorney/img.html]
[swiftpostattorneys.com/en/indexcb30cb30.html]
[swiftpostattorneys.com/en/wp-json/oembed/1.0/embedb7361725.json]
[swiftpostattorneys.com/en/our-services/real-estate-attorney/index.html]
[swiftpostattorneys.com/en/our-services/real-estate-attorney/img.html]
[swiftpostattorneys.com/en/index7ea67ea6.html]
[swiftpostattorneys.com/en/wp-json/oembed/1.0/embedc4ded9dd.json]
[swiftpostattorneys.com/en/our-services/business-formation/index.html]
[swiftpostattorneys.com/en/our-services/business-formation/img.html]
[swiftpostattorneys.com/en/index94b094b0.html]
[swiftpostattorneys.com/en/wp-json/oembed/1.0/embedc8cda7eb.json]
[swiftpostattorneys.com/en/our-services/business-transactions-attorney/index.html]
[swiftpostattorneys.com/en/our-services/business-transactions-attorney/img.html]
[swiftpostattorneys.com/en/index00120012.html]
[swiftpostattorneys.com/en/wp-json/oembed/1.0/embed7afdd76b.json]
[swiftpostattorneys.com/en/our-services/construction-attorney/index.html]
[swiftpostattorneys.com/en/our-services/construction-attorney/img.html]
[swiftpostattorneys.com/en/index6aed6aed.html]
[swiftpostattorneys.com/en/wp-json/oembed/1.0/embed012daf28.json]
[swiftpostattorneys.com/en/our-services/criminal-law-attorney/index.html]
[swiftpostattorneys.com/en/our-services/criminal-law-attorney/img.html]
[swiftpostattorneys.com/en/indexbbbfbbbf.html]
[swiftpostattorneys.com/en/wp-json/oembed/1.0/embed85553d82.json]
[swiftpostattorneys.com/en/our-services/adoption/index.html]
[swiftpostattorneys.com/en/our-services/adoption/img.html]
[swiftpostattorneys.com/en/index153d153d.html]
[swiftpostattorneys.com/en/wp-json/oembed/1.0/embedfd7a7011.json]
[swiftpostattorneys.com/en/our-services/landlord-matters-attorney/index.html]
[swiftpostattorneys.com/en/our-services/landlord-matters-attorney/img.html]
[swiftpostattorneys.com/en/index5a245a24.html]
[swiftpostattorneys.com/en/wp-json/oembed/1.0/embed052ed2ac.json]
[swiftpostattorneys.com/en/our-services/trials-and-appeals-attorney/index.html]
[swiftpostattorneys.com/en/our-services/trials-and-appeals-attorney/img.html]
[swiftpostattorneys.com/en/wp-json/wp/v2/pages/13.json]
[swiftpostattorneys.com/en/index2dc42dc4.html]
[swiftpostattorneys.com/en/wp-json/oembed/1.0/embed2643d483.json]
[swiftpostattorneys.com/en/our-attorneys/index.html]
[swiftpostattorneys.com/en/our-attorneys/img.html]
[swiftpostattorneys.com/en/indexb190b190.html]
[swiftpostattorneys.com/en/wp-json/oembed/1.0/embed3eafd30d.json]
[swiftpostattorneys.com/en/our-attorneys/Danny-Jonsson/index.html]
[swiftpostattorneys.com/en/our-attorneys/Danny-Jonsson/img.html]
[swiftpostattorneys.com/en/index80548054.html]
[swiftpostattorneys.com/en/wp-json/oembed/1.0/embedd25b5e86.json]
[swiftpostattorneys.com/en/our-attorneys/Beatrice-Henriksson/index.html]
[swiftpostattorneys.com/en/our-attorneys/Beatrice-Henriksson/img.html]
[swiftpostattorneys.com/en/index54015401.html]
[swiftpostattorneys.com/en/wp-json/oembed/1.0/embed783d3c0a.json]
[swiftpostattorneys.com/en/our-attorneys/Antonio-Cheng/index.html]
[swiftpostattorneys.com/en/our-attorneys/Antonio-Cheng/img.html]
[swiftpostattorneys.com/en/indexa80ca80c.html]
[swiftpostattorneys.com/en/wp-json/oembed/1.0/embed9601791f.json]
[swiftpostattorneys.com/en/our-attorneys/Villiam-Lindholm/index.html]
[swiftpostattorneys.com/en/our-attorneys/Villiam-Lindholm/img.html]
[swiftpostattorneys.com/en/wp-json/wp/v2/pages/15.json]
[swiftpostattorneys.com/en/indexa1caa1ca.html]
[swiftpostattorneys.com/en/wp-json/oembed/1.0/embed2a812f69.json]
[swiftpostattorneys.com/en/contact/index.html]
[swiftpostattorneys.com/en/contact/img.html]
[swiftpostattorneys.com/en/wp-json/wp/v2/pages/121.json]
[swiftpostattorneys.com/en/indexe856e856.html]
[swiftpostattorneys.com/en/wp-json/oembed/1.0/embedbc968d96.json]
[swiftpostattorneys.com/en/contact-form/index.html]
[swiftpostattorneys.com/en/wp-content/uploads/2020/02/adoption.svg]
[swiftpostattorneys.com/en/wp-content/uploads/2020/01/estate-paning.svg]
[swiftpostattorneys.com/en/wp-content/uploads/2020/01/estate-clearance.svg]
[swiftpostattorneys.com/en/wp-content/uploads/2020/01/criminal-law.svg]
[swiftpostattorneys.com/en/wp-content/uploads/2020/01/contstruction.svg]
[swiftpostattorneys.com/en/wp-content/uploads/2020/01/business-transactions.svg]
[swiftpostattorneys.com/en/wp-content/uploads/2020/01/real-estate.svg]
[swiftpostattorneys.com/en/wp-content/uploads/2020/01/business-formation.svg]
[swiftpostattorneys.com/en/wp-content/uploads/2020/01/guardianship.svg]
[swiftpostattorneys.com/en/contact/index-2.html]
[swiftpostattorneys.com/en/contact-form/img.html]
[swiftpostattorneys.com/en/img.html]
[swiftpostattorneys.com/en/indexb5fbb5fb.html]
[swiftpostattorneys.com/en/wp-json/oembed/1.0/embed70c7c318.html]
[swiftpostattorneys.com/en/about-us/img.html]
[swiftpostattorneys.com/en/index57575757.html]
[swiftpostattorneys.com/en/wp-json/oembed/1.0/embeda8987dca.html]
[swiftpostattorneys.com/en/our-services/our-services/index.html]
[swiftpostattorneys.com/en/wp-content/uploads/2020/02/couple.svg]
[swiftpostattorneys.com/en/wp-content/uploads/2020/01/personal-injury.svg]
[swiftpostattorneys.com/en/wp-content/uploads/2020/01/family-law.svg]
[swiftpostattorneys.com/en/our-services/img.html]
[swiftpostattorneys.com/en/indexfbd5fbd5.html]
[swiftpostattorneys.com/en/wp-json/oembed/1.0/embed8f94c158.html]
[swiftpostattorneys.com/en/our-services/personal-injury-attorney/img.html]
[swiftpostattorneys.com/en/index41704170.html]
[swiftpostattorneys.com/en/wp-json/oembed/1.0/embededaab259.html]
[swiftpostattorneys.com/en/our-services/estate-planning-attorney/img.html]
[swiftpostattorneys.com/en/index49b149b1.html]
[swiftpostattorneys.com/en/wp-json/oembed/1.0/embed8316b4fa.html]
[swiftpostattorneys.com/en/our-services/estate-clearance-probate-attorney/img.html]
[swiftpostattorneys.com/en/index5e745e74.html]
[swiftpostattorneys.com/en/wp-json/oembed/1.0/embed7ce3501a.html]
[swiftpostattorneys.com/en/our-services/guardianship-attorney/img.html]
[swiftpostattorneys.com/en/index261b261b.html]
[swiftpostattorneys.com/en/wp-json/oembed/1.0/embed176b24b6.html]
[swiftpostattorneys.com/en/our-services/elder-law/img.html]
[swiftpostattorneys.com/en/index1c4a1c4a.html]
[swiftpostattorneys.com/en/wp-json/oembed/1.0/embede04a5f01.html]
[swiftpostattorneys.com/en/our-services/family-law-divorce-attorney/img.html]
[swiftpostattorneys.com/en/indexcb30cb30.html]
[swiftpostattorneys.com/en/wp-json/oembed/1.0/embeda1ba52b4.html]
[swiftpostattorneys.com/en/our-services/real-estate-attorney/img.html]
[swiftpostattorneys.com/en/index7ea67ea6.html]
[swiftpostattorneys.com/en/wp-json/oembed/1.0/embed38cd318a.html]
[swiftpostattorneys.com/en/our-services/business-formation/img.html]
[swiftpostattorneys.com/en/index94b094b0.html]
[swiftpostattorneys.com/en/wp-json/oembed/1.0/embed749dd7ed.html]
[swiftpostattorneys.com/en/our-services/business-transactions-attorney/img.html]
[swiftpostattorneys.com/en/index00120012.html]
[swiftpostattorneys.com/en/wp-json/oembed/1.0/embed42ff3643.html]
[swiftpostattorneys.com/en/our-services/construction-attorney/img.html]
[swiftpostattorneys.com/en/index6aed6aed.html]
[swiftpostattorneys.com/en/wp-json/oembed/1.0/embed5ae61167.html]
[swiftpostattorneys.com/en/our-services/criminal-law-attorney/img.html]
[swiftpostattorneys.com/en/indexbbbfbbbf.html]
[swiftpostattorneys.com/en/wp-json/oembed/1.0/embedabbb4d9b.html]
[swiftpostattorneys.com/en/our-services/adoption/img.html]
[swiftpostattorneys.com/en/index153d153d.html]
[swiftpostattorneys.com/en/wp-json/oembed/1.0/embedd0b2a99a.html]
[swiftpostattorneys.com/en/our-services/landlord-matters-attorney/img.html]
[swiftpostattorneys.com/en/index5a245a24.html]
[swiftpostattorneys.com/en/wp-json/oembed/1.0/embed23ff9778.html]
[swiftpostattorneys.com/en/our-services/trials-and-appeals-attorney/img.html]
[swiftpostattorneys.com/en/index2dc42dc4.html]
[swiftpostattorneys.com/en/wp-json/oembed/1.0/embedc84fbc34.html]
[swiftpostattorneys.com/en/our-attorneys/img.html]
[swiftpostattorneys.com/en/indexb190b190.html]
[swiftpostattorneys.com/en/wp-json/oembed/1.0/embedd43dc668.html]
[swiftpostattorneys.com/en/our-attorneys/Danny-Jonsson/img.html]
[swiftpostattorneys.com/en/index80548054.html]
[swiftpostattorneys.com/en/wp-json/oembed/1.0/embed3bd57b02.html]
[swiftpostattorneys.com/en/our-attorneys/Beatrice-Henriksson/img.html]
[swiftpostattorneys.com/en/index54015401.html]
[swiftpostattorneys.com/en/wp-json/oembed/1.0/embedcd4c0b6e.html]
[swiftpostattorneys.com/en/our-attorneys/Antonio-Cheng/img.html]
[swiftpostattorneys.com/en/indexa80ca80c.html]
[swiftpostattorneys.com/en/wp-json/oembed/1.0/embedd15b720f.html]
[swiftpostattorneys.com/en/our-attorneys/Villiam-Lindholm/img.html]
[swiftpostattorneys.com/en/indexa1caa1ca.html]
[swiftpostattorneys.com/en/wp-json/oembed/1.0/embed3108dcac.html]
[swiftpostattorneys.com/en/contact/img.html]
[swiftpostattorneys.com/en/indexe856e856.html]
[swiftpostattorneys.com/en/wp-json/oembed/1.0/embedbe070fac.html]
[swiftpostattorneys.com/en/contact-form/img.html]
[swiftpostattorneys.com/en/img-2.html]
[swiftpostattorneys.com/en/about-us/img-2.html]
[swiftpostattorneys.com/en/our-services/img-2.html]
[swiftpostattorneys.com/en/our-services/personal-injury-attorney/img-2.html]
[swiftpostattorneys.com/en/our-services/estate-planning-attorney/img-2.html]
[swiftpostattorneys.com/en/our-services/estate-clearance-probate-attorney/img-2.html]
[swiftpostattorneys.com/en/our-services/guardianship-attorney/img-2.html]
[swiftpostattorneys.com/en/our-services/elder-law/img-2.html]
[swiftpostattorneys.com/en/our-services/family-law-divorce-attorney/img-2.html]
[swiftpostattorneys.com/en/our-services/real-estate-attorney/img-2.html]
[swiftpostattorneys.com/en/our-services/business-formation/img-2.html]
[swiftpostattorneys.com/en/our-services/business-transactions-attorney/img-2.html]
[swiftpostattorneys.com/en/our-services/construction-attorney/img-2.html]
[swiftpostattorneys.com/en/our-services/criminal-law-attorney/img-2.html]
[swiftpostattorneys.com/en/our-services/adoption/img-2.html]
[swiftpostattorneys.com/en/our-services/landlord-matters-attorney/img-2.html]
[swiftpostattorneys.com/en/our-services/trials-and-appeals-attorney/img-2.html]
[swiftpostattorneys.com/en/our-attorneys/img-2.html]
[swiftpostattorneys.com/en/our-attorneys/Danny-Jonsson/img-2.html]
[swiftpostattorneys.com/en/our-attorneys/Beatrice-Henriksson/img-2.html]
[swiftpostattorneys.com/en/our-attorneys/Antonio-Cheng/img-2.html]
[swiftpostattorneys.com/en/our-attorneys/Villiam-Lindholm/img-2.html]
[swiftpostattorneys.com/en/contact/img-2.html]
[swiftpostattorneys.com/en/contact-form/img-2.html]
